Build started 17/11/2014 11:43:17.
     1>Project "C:\Users\cbaxter\AStar-Project\A-StarProject\A-StarProject.vcxproj" on node 2 (Build target(s)).
     1>ClCompile:
         C:\Program Files (x86)\Microsoft Visual Studio 12.0\VC\bin\CL.exe /c /I"C:\ProgramData\TL-Engine\include" /ZI /nologo /W3 /WX- /Od /Oy- /D WIN32 /D _DEBUG /D _CONSOLE /D _UNICODE /D UNICODE /Gm /EHsc /RTC1 /MTd /GS /Gy /fp:fast /Zc:wchar_t /Zc:forScope /Fo"Debug\\" /Fd"Debug\vc120.pdb" /Gd /TP /analyze- /errorReport:prompt MapLoading.cpp aStarAlgo.cpp
         aStarAlgo.cpp
     1>c:\users\cbaxter\astar-project\a-starproject\astaralgo.cpp(62): warning C4018: '<' : signed/unsigned mismatch
     1>c:\users\cbaxter\astar-project\a-starproject\astaralgo.cpp(76): warning C4018: '<' : signed/unsigned mismatch
         MapLoading.cpp
     1>c:\users\cbaxter\astar-project\a-starproject\maploading.h(14): warning C4200: nonstandard extension used : zero-sized array in struct/union
                 Cannot generate copy-ctor or copy-assignment operator when UDT contains a zero-sized array
         Generating Code...
       Link:
         C:\Program Files (x86)\Microsoft Visual Studio 12.0\VC\bin\link.exe /ERRORREPORT:PROMPT /OUT:"C:\Users\cbaxter\AStar-Project\A-StarProject\A-StarProjectDebug.exe" /INCREMENTAL /NOLOGO /LIBPATH:"C:\ProgramData\TL-Engine\lib" "TL-Engine2013Debug.lib" kernel32.lib user32.lib gdi32.lib winspool.lib comdlg32.lib advapi32.lib shell32.lib ole32.lib oleaut32.lib uuid.lib odbc32.lib odbccp32.lib /MANIFEST:NO /DEBUG /PDB:"C:\Users\cbaxter\AStar-Project\A-StarProject\\A-StarProject.pdb" /SUBSYSTEM:CONSOLE /TLBID:1 /DYNAMICBASE /IMPLIB:"C:\Users\cbaxter\AStar-Project\A-StarProject\\A-StarProjectDebug.lib" /MACHINE:X86 /SAFESEH:NO "Debug\A-StarProject.obj"
         Debug\aStarAlgo.obj
         Debug\MapLoading.obj
     1>TL-Engine2013Debug.lib(TL-Engine.obj) : warning LNK4099: PDB 'vc120.pdb' was not found with 'TL-Engine2013Debug.lib(TL-Engine.obj)' or at 'C:\Users\cbaxter\AStar-Project\A-StarProject\vc120.pdb'; linking object as if no debug info
     1>TL-Engine2013Debug.lib(Errors.obj) : warning LNK4099: PDB 'vc120.pdb' was not found with 'TL-Engine2013Debug.lib(Errors.obj)' or at 'C:\Users\cbaxter\AStar-Project\A-StarProject\vc120.pdb'; linking object as if no debug info
     1>TL-Engine2013Debug.lib(TLXSprite.obj) : warning LNK4099: PDB 'vc120.pdb' was not found with 'TL-Engine2013Debug.lib(TLXSprite.obj)' or at 'C:\Users\cbaxter\AStar-Project\A-StarProject\vc120.pdb'; linking object as if no debug info
     1>TL-Engine2013Debug.lib(TLXSceneNode.obj) : warning LNK4099: PDB 'vc120.pdb' was not found with 'TL-Engine2013Debug.lib(TLXSceneNode.obj)' or at 'C:\Users\cbaxter\AStar-Project\A-StarProject\vc120.pdb'; linking object as if no debug info
     1>TL-Engine2013Debug.lib(TLXModelNode.obj) : warning LNK4099: PDB 'vc120.pdb' was not found with 'TL-Engine2013Debug.lib(TLXModelNode.obj)' or at 'C:\Users\cbaxter\AStar-Project\A-StarProject\vc120.pdb'; linking object as if no debug info
     1>TL-Engine2013Debug.lib(TLXModel.obj) : warning LNK4099: PDB 'vc120.pdb' was not found with 'TL-Engine2013Debug.lib(TLXModel.obj)' or at 'C:\Users\cbaxter\AStar-Project\A-StarProject\vc120.pdb'; linking object as if no debug info
     1>TL-Engine2013Debug.lib(TLXMesh.obj) : warning LNK4099: PDB 'vc120.pdb' was not found with 'TL-Engine2013Debug.lib(TLXMesh.obj)' or at 'C:\Users\cbaxter\AStar-Project\A-StarProject\vc120.pdb'; linking object as if no debug info
     1>TL-Engine2013Debug.lib(TLXLight.obj) : warning LNK4099: PDB 'vc120.pdb' was not found with 'TL-Engine2013Debug.lib(TLXLight.obj)' or at 'C:\Users\cbaxter\AStar-Project\A-StarProject\vc120.pdb'; linking object as if no debug info
     1>TL-Engine2013Debug.lib(TLXFont.obj) : warning LNK4099: PDB 'vc120.pdb' was not found with 'TL-Engine2013Debug.lib(TLXFont.obj)' or at 'C:\Users\cbaxter\AStar-Project\A-StarProject\vc120.pdb'; linking object as if no debug info
     1>TL-Engine2013Debug.lib(TLXEngine.obj) : warning LNK4099: PDB 'vc120.pdb' was not found with 'TL-Engine2013Debug.lib(TLXEngine.obj)' or at 'C:\Users\cbaxter\AStar-Project\A-StarProject\vc120.pdb'; linking object as if no debug info
     1>TL-Engine2013Debug.lib(TLXCamera.obj) : warning LNK4099: PDB 'vc120.pdb' was not found with 'TL-Engine2013Debug.lib(TLXCamera.obj)' or at 'C:\Users\cbaxter\AStar-Project\A-StarProject\vc120.pdb'; linking object as if no debug info
     1>TL-Engine2013Debug.lib(IrrlichtSceneNode.obj) : warning LNK4099: PDB 'vc120.pdb' was not found with 'TL-Engine2013Debug.lib(IrrlichtSceneNode.obj)' or at 'C:\Users\cbaxter\AStar-Project\A-StarProject\vc120.pdb'; linking object as if no debug info
     1>TL-Engine2013Debug.lib(IrrlichtModel.obj) : warning LNK4099: PDB 'vc120.pdb' was not found with 'TL-Engine2013Debug.lib(IrrlichtModel.obj)' or at 'C:\Users\cbaxter\AStar-Project\A-StarProject\vc120.pdb'; linking object as if no debug info
     1>TL-Engine2013Debug.lib(IrrlichtMesh.obj) : warning LNK4099: PDB 'vc120.pdb' was not found with 'TL-Engine2013Debug.lib(IrrlichtMesh.obj)' or at 'C:\Users\cbaxter\AStar-Project\A-StarProject\vc120.pdb'; linking object as if no debug info
     1>TL-Engine2013Debug.lib(IrrlichtLight.obj) : warning LNK4099: PDB 'vc120.pdb' was not found with 'TL-Engine2013Debug.lib(IrrlichtLight.obj)' or at 'C:\Users\cbaxter\AStar-Project\A-StarProject\vc120.pdb'; linking object as if no debug info
     1>TL-Engine2013Debug.lib(IrrlichtInput.obj) : warning LNK4099: PDB 'vc120.pdb' was not found with 'TL-Engine2013Debug.lib(IrrlichtInput.obj)' or at 'C:\Users\cbaxter\AStar-Project\A-StarProject\vc120.pdb'; linking object as if no debug info
     1>TL-Engine2013Debug.lib(IrrlichtFont.obj) : warning LNK4099: PDB 'vc120.pdb' was not found with 'TL-Engine2013Debug.lib(IrrlichtFont.obj)' or at 'C:\Users\cbaxter\AStar-Project\A-StarProject\vc120.pdb'; linking object as if no debug info
     1>TL-Engine2013Debug.lib(IrrlichtEngine.obj) : warning LNK4099: PDB 'vc120.pdb' was not found with 'TL-Engine2013Debug.lib(IrrlichtEngine.obj)' or at 'C:\Users\cbaxter\AStar-Project\A-StarProject\vc120.pdb'; linking object as if no debug info
     1>TL-Engine2013Debug.lib(IrrlichtCamera.obj) : warning LNK4099: PDB 'vc120.pdb' was not found with 'TL-Engine2013Debug.lib(IrrlichtCamera.obj)' or at 'C:\Users\cbaxter\AStar-Project\A-StarProject\vc120.pdb'; linking object as if no debug info
         A-StarProject.vcxproj -> C:\Users\cbaxter\AStar-Project\A-StarProject\\A-StarProjectDebug.exe
       PostBuildEvent:
         copy "C:\ProgramData\TL-Engine\3rd Party\Irrlicht-0.7\bin\VisualStudio\IrrlichtDebug.dll" "C:\Users\cbaxter\AStar-Project\A-StarProject\\" > NUL
         copy "C:\ProgramData\TL-Engine\3rd Party\TL-Xtreme\shader\*.*" "C:\Users\cbaxter\AStar-Project\A-StarProject\\" > NUL
         
         :VCEnd
     1>Done Building Project "C:\Users\cbaxter\AStar-Project\A-StarProject\A-StarProject.vcxproj" (Build target(s)).

Build succeeded.

Time Elapsed 00:00:01.85
