c:\users\craig\desktop\astar-project\debug\vc140.pdb
c:\users\craig\desktop\astar-project\debug\vc140.idb
c:\users\craig\desktop\astar-project\debug\astar-project.obj
c:\users\craig\desktop\astar-project\debug\astaralgo.obj
c:\users\craig\desktop\astar-project\debug\maploading.obj
c:\users\craig\documents\github\astar-project\a-starproject\debug\vc140.pdb
c:\users\craig\documents\github\astar-project\a-starproject\debug\vc140.idb
c:\users\craig\documents\github\astar-project\a-starproject\debug\astar-project.obj
c:\users\craig\documents\github\astar-project\a-starproject\debug\astaralgo.obj
c:\users\craig\documents\github\astar-project\a-starproject\debug\maploading.obj
c:\users\craig\documents\astar-project\a-starproject\debug\vc140.pdb
c:\users\craig\documents\astar-project\a-starproject\debug\vc140.idb
c:\users\craig\documents\astar-project\a-starproject\debug\astar-project.obj
c:\users\craig\documents\astar-project\a-starproject\debug\astaralgo.obj
c:\users\craig\documents\astar-project\a-starproject\debug\maploading.obj
c:\users\craig\desktop\astar-project\astar-projectdebug.ilk
c:\users\craig\desktop\astar-project\astar-projectdebug.exe
c:\users\craig\desktop\astar-project\astar-project.pdb
c:\users\craig\documents\github\astar-project\a-starproject\astar-projectdebug.ilk
c:\users\craig\documents\github\astar-project\a-starproject\astar-projectdebug.exe
c:\users\craig\documents\github\astar-project\a-starproject\astar-project.pdb
c:\users\craig\documents\astar-project\a-starproject\astar-projectdebug.ilk
c:\users\craig\documents\astar-project\a-starproject\astar-projectdebug.exe
c:\users\craig\documents\astar-project\a-starproject\astar-project.pdb
c:\users\craig\documents\astar-project\a-starproject\\astar-projectdebug.exe
c:\users\craig\documents\astar-project\a-starproject\\astar-projectdebug.ilk
c:\users\craig\documents\astar-project\a-starproject\debug\astar-project.tlog\cl.command.1.tlog
c:\users\craig\documents\astar-project\a-starproject\debug\astar-project.tlog\cl.read.1.tlog
c:\users\craig\documents\astar-project\a-starproject\debug\astar-project.tlog\cl.write.1.tlog
c:\users\craig\documents\astar-project\a-starproject\debug\astar-project.tlog\link.command.1.tlog
c:\users\craig\documents\astar-project\a-starproject\debug\astar-project.tlog\link.read.1.tlog
c:\users\craig\documents\astar-project\a-starproject\debug\astar-project.tlog\link.write.1.tlog
